2021-05-22 10:20:26,827 [Worker-5] INFO  o.e.m.c.i.l.LifecycleMappingFactory - Using org.eclipse.m2e.jdt.JarLifecycleMapping lifecycle mapping for MavenProject: AutomationTestBs23:AutomationTestBs23:0.0.1-SNAPSHOT @ F:\Automation Test BS23\Problem 1_Automation\AutomationTestBs23\pom.xml.
2021-05-22 10:20:28,634 [Worker-5] INFO  o.e.m.j.i.AbstractJavaProjectConfigurator - Adding source folder /AutomationTestBs23/src/main/java
2021-05-22 10:20:28,636 [Worker-5] INFO  o.e.m.j.i.AbstractJavaProjectConfigurator - Adding resource folder /AutomationTestBs23/src/main/resources
2021-05-22 10:20:28,637 [Worker-5] INFO  o.e.m.j.i.AbstractJavaProjectConfigurator - Adding source folder /AutomationTestBs23/src/test/java
2021-05-22 10:20:28,637 [Worker-5] INFO  o.e.m.j.i.AbstractJavaProjectConfigurator - Adding resource folder /AutomationTestBs23/src/test/resources
2021-05-22 10:20:29,452 [Worker-0] WARN  o.e.m.c.i.embedder.EclipseLogger - Using platform encoding (Cp1252 actually) to copy filtered resources, i.e. build is platform dependent!
2021-05-22 10:20:29,458 [Worker-0] INFO  o.e.m.c.i.embedder.EclipseLogger - Copying 0 resource
2021-05-22 10:20:29,461 [Worker-0] WARN  o.e.m.c.i.embedder.EclipseLogger - Using platform encoding (Cp1252 actually) to copy filtered resources, i.e. build is platform dependent!
2021-05-22 10:20:29,462 [Worker-0] INFO  o.e.m.c.i.embedder.EclipseLogger - Copying 0 resource
2021-05-22 10:21:03,159 [Worker-4] WARN  o.e.m.c.i.embedder.EclipseLogger - Using platform encoding (Cp1252 actually) to copy filtered resources, i.e. build is platform dependent!
2021-05-22 10:21:03,169 [Worker-4] INFO  o.e.m.c.i.embedder.EclipseLogger - Copying 0 resource
2021-05-22 10:21:03,171 [Worker-4] WARN  o.e.m.c.i.embedder.EclipseLogger - Using platform encoding (Cp1252 actually) to copy filtered resources, i.e. build is platform dependent!
2021-05-22 10:21:03,172 [Worker-4] INFO  o.e.m.c.i.embedder.EclipseLogger - Copying 0 resource
2021-05-22 10:24:47,136 [Worker-13] INFO  o.e.m.c.i.l.LifecycleMappingFactory - Using org.eclipse.m2e.jdt.JarLifecycleMapping lifecycle mapping for MavenProject: AutomationTestBs23:AutomationTestBs23:0.0.1-SNAPSHOT @ F:\Automation Test BS23\Problem 1_Automation\AutomationTestBs23\pom.xml.
2021-05-22 10:24:53,484 [Worker-13] WARN  o.e.m.c.i.embedder.EclipseLogger - Using platform encoding (Cp1252 actually) to copy filtered resources, i.e. build is platform dependent!
2021-05-22 10:24:53,497 [Worker-13] INFO  o.e.m.c.i.embedder.EclipseLogger - Copying 0 resource
2021-05-22 10:24:53,498 [Worker-13] WARN  o.e.m.c.i.embedder.EclipseLogger - Using platform encoding (Cp1252 actually) to copy filtered resources, i.e. build is platform dependent!
2021-05-22 10:24:53,499 [Worker-13] INFO  o.e.m.c.i.embedder.EclipseLogger - Copying 0 resource
2021-05-22 10:24:55,711 [Worker-4] WARN  o.e.m.c.i.embedder.EclipseLogger - Using platform encoding (Cp1252 actually) to copy filtered resources, i.e. build is platform dependent!
2021-05-22 10:24:55,714 [Worker-4] INFO  o.e.m.c.i.embedder.EclipseLogger - Copying 0 resource
2021-05-22 10:24:55,717 [Worker-4] WARN  o.e.m.c.i.embedder.EclipseLogger - Using platform encoding (Cp1252 actually) to copy filtered resources, i.e. build is platform dependent!
2021-05-22 10:24:55,718 [Worker-4] INFO  o.e.m.c.i.embedder.EclipseLogger - Copying 0 resource
2021-05-22 10:26:10,298 [Worker-16] WARN  o.e.m.c.i.embedder.EclipseLogger - Using platform encoding (Cp1252 actually) to copy filtered resources, i.e. build is platform dependent!
2021-05-22 10:26:10,300 [Worker-16] INFO  o.e.m.c.i.embedder.EclipseLogger - Copying 0 resource
2021-05-22 10:26:10,302 [Worker-16] WARN  o.e.m.c.i.embedder.EclipseLogger - Using platform encoding (Cp1252 actually) to copy filtered resources, i.e. build is platform dependent!
2021-05-22 10:26:10,304 [Worker-16] INFO  o.e.m.c.i.embedder.EclipseLogger - Copying 0 resource
2021-05-22 10:26:52,739 [Worker-14] WARN  o.e.m.c.i.embedder.EclipseLogger - Using platform encoding (Cp1252 actually) to copy filtered resources, i.e. build is platform dependent!
2021-05-22 10:26:52,740 [Worker-14] INFO  o.e.m.c.i.embedder.EclipseLogger - Copying 0 resource
2021-05-22 10:26:52,742 [Worker-14] WARN  o.e.m.c.i.embedder.EclipseLogger - Using platform encoding (Cp1252 actually) to copy filtered resources, i.e. build is platform dependent!
2021-05-22 10:26:52,744 [Worker-14] INFO  o.e.m.c.i.embedder.EclipseLogger - Copying 0 resource
2021-05-22 10:26:53,874 [Worker-16] WARN  o.e.m.c.i.embedder.EclipseLogger - Using platform encoding (Cp1252 actually) to copy filtered resources, i.e. build is platform dependent!
2021-05-22 10:26:53,876 [Worker-16] INFO  o.e.m.c.i.embedder.EclipseLogger - Copying 0 resource
2021-05-22 10:26:53,878 [Worker-16] WARN  o.e.m.c.i.embedder.EclipseLogger - Using platform encoding (Cp1252 actually) to copy filtered resources, i.e. build is platform dependent!
2021-05-22 10:26:53,879 [Worker-16] INFO  o.e.m.c.i.embedder.EclipseLogger - Copying 0 resource
2021-05-22 10:27:28,057 [Worker-16] WARN  o.e.r.models.ModelRepository - Failed to download org.eclipse.recommenders:index::zip:0.0.0
org.eclipse.aether.resolution.ArtifactResolutionException: Could not find artifact org.eclipse.recommenders:index:zip:0.0.0-SNAPSHOT in models (http://download.eclipse.org/recommenders/models/neon/)
	at org.eclipse.aether.internal.impl.DefaultArtifactResolver.resolve(DefaultArtifactResolver.java:444) ~[na:na]
	at org.eclipse.aether.internal.impl.DefaultArtifactResolver.resolveArtifacts(DefaultArtifactResolver.java:246) ~[na:na]
	at org.eclipse.aether.internal.impl.DefaultArtifactResolver.resolveArtifact(DefaultArtifactResolver.java:223) ~[na:na]
	at org.eclipse.aether.internal.impl.DefaultRepositorySystem.resolveArtifact(DefaultRepositorySystem.java:294) ~[na:na]
	at org.eclipse.recommenders.models.ModelRepository.resolveInternal(ModelRepository.java:193) [org.eclipse.recommenders.models_2.4.6.v20170307-1041.jar:na]
	at org.eclipse.recommenders.models.ModelRepository.resolve(ModelRepository.java:172) [org.eclipse.recommenders.models_2.4.6.v20170307-1041.jar:na]
	at org.eclipse.recommenders.internal.models.rcp.EclipseModelRepository.resolve(EclipseModelRepository.java:169) [org.eclipse.recommenders.models.rcp_2.4.6.v20170307-1041.jar:na]
	at org.eclipse.recommenders.internal.models.rcp.DownloadModelArchiveJob.run(DownloadModelArchiveJob.java:76) [org.eclipse.recommenders.models.rcp_2.4.6.v20170307-1041.jar:na]
	at org.eclipse.core.internal.jobs.Worker.run(Worker.java:55) [org.eclipse.core.jobs_3.8.0.v20160509-0411.jar:na]
Caused by: org.eclipse.aether.transfer.ArtifactNotFoundException: Could not find artifact org.eclipse.recommenders:index:zip:0.0.0-SNAPSHOT in models (http://download.eclipse.org/recommenders/models/neon/)
	at org.eclipse.aether.connector.basic.ArtifactTransportListener.transferFailed(ArtifactTransportListener.java:39) ~[org.eclipse.aether.connector.basic_1.0.1.v20141111.jar:na]
	at org.eclipse.aether.connector.basic.BasicRepositoryConnector$TaskRunner.run(BasicRepositoryConnector.java:355) ~[org.eclipse.aether.connector.basic_1.0.1.v20141111.jar:na]
	at org.eclipse.aether.util.concurrency.RunnableErrorForwarder$1.run(RunnableErrorForwarder.java:67) ~[na:na]
	at org.eclipse.aether.connector.basic.BasicRepositoryConnector$DirectExecutor.execute(BasicRepositoryConnector.java:581) ~[org.eclipse.aether.connector.basic_1.0.1.v20141111.jar:na]
	at org.eclipse.aether.connector.basic.BasicRepositoryConnector.get(BasicRepositoryConnector.java:249) ~[org.eclipse.aether.connector.basic_1.0.1.v20141111.jar:na]
	at org.eclipse.aether.internal.impl.DefaultArtifactResolver.performDownloads(DefaultArtifactResolver.java:520) ~[na:na]
	at org.eclipse.aether.internal.impl.DefaultArtifactResolver.resolve(DefaultArtifactResolver.java:421) ~[na:na]
	... 8 common frames omitted
2021-05-22 10:28:48,827 [Worker-14] WARN  o.e.m.c.i.embedder.EclipseLogger - Using platform encoding (Cp1252 actually) to copy filtered resources, i.e. build is platform dependent!
2021-05-22 10:28:48,829 [Worker-14] INFO  o.e.m.c.i.embedder.EclipseLogger - Copying 0 resource
2021-05-22 10:28:48,831 [Worker-14] WARN  o.e.m.c.i.embedder.EclipseLogger - Using platform encoding (Cp1252 actually) to copy filtered resources, i.e. build is platform dependent!
2021-05-22 10:28:48,833 [Worker-14] INFO  o.e.m.c.i.embedder.EclipseLogger - Copying 0 resource
2021-05-22 10:32:32,499 [Worker-18] WARN  o.e.m.c.i.embedder.EclipseLogger - Using platform encoding (Cp1252 actually) to copy filtered resources, i.e. build is platform dependent!
2021-05-22 10:32:32,548 [Worker-18] INFO  o.e.m.c.i.embedder.EclipseLogger - Copying 0 resource
2021-05-22 10:32:32,549 [Worker-18] WARN  o.e.m.c.i.embedder.EclipseLogger - Using platform encoding (Cp1252 actually) to copy filtered resources, i.e. build is platform dependent!
2021-05-22 10:32:32,550 [Worker-18] INFO  o.e.m.c.i.embedder.EclipseLogger - Copying 0 resource
2021-05-22 10:32:56,354 [Worker-13] WARN  o.e.m.c.i.embedder.EclipseLogger - Using platform encoding (Cp1252 actually) to copy filtered resources, i.e. build is platform dependent!
2021-05-22 10:32:56,355 [Worker-13] INFO  o.e.m.c.i.embedder.EclipseLogger - Copying 0 resource
2021-05-22 10:32:56,358 [Worker-13] WARN  o.e.m.c.i.embedder.EclipseLogger - Using platform encoding (Cp1252 actually) to copy filtered resources, i.e. build is platform dependent!
2021-05-22 10:32:56,359 [Worker-13] INFO  o.e.m.c.i.embedder.EclipseLogger - Copying 0 resource
2021-05-22 10:33:27,139 [Worker-20] WARN  o.e.m.c.i.embedder.EclipseLogger - Using platform encoding (Cp1252 actually) to copy filtered resources, i.e. build is platform dependent!
2021-05-22 10:33:27,145 [Worker-20] INFO  o.e.m.c.i.embedder.EclipseLogger - Copying 0 resource
2021-05-22 10:33:27,149 [Worker-20] WARN  o.e.m.c.i.embedder.EclipseLogger - Using platform encoding (Cp1252 actually) to copy filtered resources, i.e. build is platform dependent!
2021-05-22 10:33:27,151 [Worker-20] INFO  o.e.m.c.i.embedder.EclipseLogger - Copying 0 resource
2021-05-22 10:34:53,653 [Worker-19] WARN  o.e.m.c.i.embedder.EclipseLogger - Using platform encoding (Cp1252 actually) to copy filtered resources, i.e. build is platform dependent!
2021-05-22 10:34:53,654 [Worker-19] INFO  o.e.m.c.i.embedder.EclipseLogger - Copying 0 resource
2021-05-22 10:34:53,656 [Worker-19] WARN  o.e.m.c.i.embedder.EclipseLogger - Using platform encoding (Cp1252 actually) to copy filtered resources, i.e. build is platform dependent!
2021-05-22 10:34:53,657 [Worker-19] INFO  o.e.m.c.i.embedder.EclipseLogger - Copying 0 resource
2021-05-22 10:37:02,121 [Worker-18] WARN  o.e.m.c.i.embedder.EclipseLogger - Using platform encoding (Cp1252 actually) to copy filtered resources, i.e. build is platform dependent!
2021-05-22 10:37:02,122 [Worker-18] INFO  o.e.m.c.i.embedder.EclipseLogger - Copying 0 resource
2021-05-22 10:37:02,123 [Worker-18] WARN  o.e.m.c.i.embedder.EclipseLogger - Using platform encoding (Cp1252 actually) to copy filtered resources, i.e. build is platform dependent!
2021-05-22 10:37:02,124 [Worker-18] INFO  o.e.m.c.i.embedder.EclipseLogger - Copying 0 resource
2021-05-22 10:38:17,874 [Worker-21] WARN  o.e.m.c.i.embedder.EclipseLogger - Using platform encoding (Cp1252 actually) to copy filtered resources, i.e. build is platform dependent!
2021-05-22 10:38:17,897 [Worker-21] INFO  o.e.m.c.i.embedder.EclipseLogger - Copying 0 resource
2021-05-22 10:38:17,899 [Worker-21] WARN  o.e.m.c.i.embedder.EclipseLogger - Using platform encoding (Cp1252 actually) to copy filtered resources, i.e. build is platform dependent!
2021-05-22 10:38:17,900 [Worker-21] INFO  o.e.m.c.i.embedder.EclipseLogger - Copying 0 resource
2021-05-22 11:02:25,157 [Worker-25] WARN  o.e.m.c.i.embedder.EclipseLogger - Using platform encoding (Cp1252 actually) to copy filtered resources, i.e. build is platform dependent!
2021-05-22 11:02:25,246 [Worker-25] INFO  o.e.m.c.i.embedder.EclipseLogger - Copying 0 resource
2021-05-22 11:02:25,248 [Worker-25] WARN  o.e.m.c.i.embedder.EclipseLogger - Using platform encoding (Cp1252 actually) to copy filtered resources, i.e. build is platform dependent!
2021-05-22 11:02:25,249 [Worker-25] INFO  o.e.m.c.i.embedder.EclipseLogger - Copying 0 resource
2021-05-22 11:05:45,573 [Worker-26] WARN  o.e.m.c.i.embedder.EclipseLogger - Using platform encoding (Cp1252 actually) to copy filtered resources, i.e. build is platform dependent!
2021-05-22 11:05:45,660 [Worker-26] INFO  o.e.m.c.i.embedder.EclipseLogger - Copying 0 resource
2021-05-22 11:05:45,662 [Worker-26] WARN  o.e.m.c.i.embedder.EclipseLogger - Using platform encoding (Cp1252 actually) to copy filtered resources, i.e. build is platform dependent!
2021-05-22 11:05:45,663 [Worker-26] INFO  o.e.m.c.i.embedder.EclipseLogger - Copying 0 resource
2021-05-22 11:05:57,874 [Worker-27] WARN  o.e.m.c.i.embedder.EclipseLogger - Using platform encoding (Cp1252 actually) to copy filtered resources, i.e. build is platform dependent!
2021-05-22 11:05:57,875 [Worker-27] INFO  o.e.m.c.i.embedder.EclipseLogger - Copying 0 resource
2021-05-22 11:05:57,876 [Worker-27] WARN  o.e.m.c.i.embedder.EclipseLogger - Using platform encoding (Cp1252 actually) to copy filtered resources, i.e. build is platform dependent!
2021-05-22 11:05:57,877 [Worker-27] INFO  o.e.m.c.i.embedder.EclipseLogger - Copying 0 resource
2021-05-22 11:09:36,122 [Worker-23] WARN  o.e.m.c.i.embedder.EclipseLogger - Using platform encoding (Cp1252 actually) to copy filtered resources, i.e. build is platform dependent!
2021-05-22 11:09:36,176 [Worker-23] INFO  o.e.m.c.i.embedder.EclipseLogger - Copying 0 resource
2021-05-22 11:09:36,183 [Worker-23] WARN  o.e.m.c.i.embedder.EclipseLogger - Using platform encoding (Cp1252 actually) to copy filtered resources, i.e. build is platform dependent!
2021-05-22 11:09:36,186 [Worker-23] INFO  o.e.m.c.i.embedder.EclipseLogger - Copying 0 resource
2021-05-22 11:10:56,554 [Worker-28] WARN  o.e.m.c.i.embedder.EclipseLogger - Using platform encoding (Cp1252 actually) to copy filtered resources, i.e. build is platform dependent!
2021-05-22 11:10:56,586 [Worker-28] INFO  o.e.m.c.i.embedder.EclipseLogger - Copying 0 resource
2021-05-22 11:10:56,589 [Worker-28] WARN  o.e.m.c.i.embedder.EclipseLogger - Using platform encoding (Cp1252 actually) to copy filtered resources, i.e. build is platform dependent!
2021-05-22 11:10:56,590 [Worker-28] INFO  o.e.m.c.i.embedder.EclipseLogger - Copying 0 resource
2021-05-22 11:12:32,823 [Worker-27] WARN  o.e.m.c.i.embedder.EclipseLogger - Using platform encoding (Cp1252 actually) to copy filtered resources, i.e. build is platform dependent!
2021-05-22 11:12:32,871 [Worker-27] INFO  o.e.m.c.i.embedder.EclipseLogger - Copying 0 resource
2021-05-22 11:12:32,874 [Worker-27] WARN  o.e.m.c.i.embedder.EclipseLogger - Using platform encoding (Cp1252 actually) to copy filtered resources, i.e. build is platform dependent!
2021-05-22 11:12:32,877 [Worker-27] INFO  o.e.m.c.i.embedder.EclipseLogger - Copying 0 resource
2021-05-22 11:13:51,391 [Worker-30] WARN  o.e.m.c.i.embedder.EclipseLogger - Using platform encoding (Cp1252 actually) to copy filtered resources, i.e. build is platform dependent!
2021-05-22 11:13:51,395 [Worker-30] INFO  o.e.m.c.i.embedder.EclipseLogger - Copying 0 resource
2021-05-22 11:13:51,398 [Worker-30] WARN  o.e.m.c.i.embedder.EclipseLogger - Using platform encoding (Cp1252 actually) to copy filtered resources, i.e. build is platform dependent!
2021-05-22 11:13:51,399 [Worker-30] INFO  o.e.m.c.i.embedder.EclipseLogger - Copying 0 resource
2021-05-22 11:15:11,429 [Worker-23] WARN  o.e.m.c.i.embedder.EclipseLogger - Using platform encoding (Cp1252 actually) to copy filtered resources, i.e. build is platform dependent!
2021-05-22 11:15:11,468 [Worker-23] INFO  o.e.m.c.i.embedder.EclipseLogger - Copying 0 resource
2021-05-22 11:15:11,469 [Worker-23] WARN  o.e.m.c.i.embedder.EclipseLogger - Using platform encoding (Cp1252 actually) to copy filtered resources, i.e. build is platform dependent!
2021-05-22 11:15:11,484 [Worker-23] INFO  o.e.m.c.i.embedder.EclipseLogger - Copying 0 resource
2021-05-22 11:18:47,405 [Worker-14] WARN  o.e.r.models.ModelRepository - Failed to download org.eclipse.recommenders:index::zip:0.0.0
org.eclipse.aether.resolution.ArtifactResolutionException: Could not find artifact org.eclipse.recommenders:index:zip:0.0.0-SNAPSHOT in models (http://download.eclipse.org/recommenders/models/neon/)
	at org.eclipse.aether.internal.impl.DefaultArtifactResolver.resolve(DefaultArtifactResolver.java:444) ~[na:na]
	at org.eclipse.aether.internal.impl.DefaultArtifactResolver.resolveArtifacts(DefaultArtifactResolver.java:246) ~[na:na]
	at org.eclipse.aether.internal.impl.DefaultArtifactResolver.resolveArtifact(DefaultArtifactResolver.java:223) ~[na:na]
	at org.eclipse.aether.internal.impl.DefaultRepositorySystem.resolveArtifact(DefaultRepositorySystem.java:294) ~[na:na]
	at org.eclipse.recommenders.models.ModelRepository.resolveInternal(ModelRepository.java:193) [org.eclipse.recommenders.models_2.4.6.v20170307-1041.jar:na]
	at org.eclipse.recommenders.models.ModelRepository.resolve(ModelRepository.java:172) [org.eclipse.recommenders.models_2.4.6.v20170307-1041.jar:na]
	at org.eclipse.recommenders.internal.models.rcp.EclipseModelRepository.resolve(EclipseModelRepository.java:169) [org.eclipse.recommenders.models.rcp_2.4.6.v20170307-1041.jar:na]
	at org.eclipse.recommenders.internal.models.rcp.DownloadModelArchiveJob.run(DownloadModelArchiveJob.java:76) [org.eclipse.recommenders.models.rcp_2.4.6.v20170307-1041.jar:na]
	at org.eclipse.core.internal.jobs.Worker.run(Worker.java:55) [org.eclipse.core.jobs_3.8.0.v20160509-0411.jar:na]
Caused by: org.eclipse.aether.transfer.ArtifactNotFoundException: Could not find artifact org.eclipse.recommenders:index:zip:0.0.0-SNAPSHOT in models (http://download.eclipse.org/recommenders/models/neon/)
	at org.eclipse.aether.connector.basic.ArtifactTransportListener.transferFailed(ArtifactTransportListener.java:39) ~[org.eclipse.aether.connector.basic_1.0.1.v20141111.jar:na]
	at org.eclipse.aether.connector.basic.BasicRepositoryConnector$TaskRunner.run(BasicRepositoryConnector.java:355) ~[org.eclipse.aether.connector.basic_1.0.1.v20141111.jar:na]
	at org.eclipse.aether.util.concurrency.RunnableErrorForwarder$1.run(RunnableErrorForwarder.java:67) ~[na:na]
	at org.eclipse.aether.connector.basic.BasicRepositoryConnector$DirectExecutor.execute(BasicRepositoryConnector.java:581) ~[org.eclipse.aether.connector.basic_1.0.1.v20141111.jar:na]
	at org.eclipse.aether.connector.basic.BasicRepositoryConnector.get(BasicRepositoryConnector.java:249) ~[org.eclipse.aether.connector.basic_1.0.1.v20141111.jar:na]
	at org.eclipse.aether.internal.impl.DefaultArtifactResolver.performDownloads(DefaultArtifactResolver.java:520) ~[na:na]
	at org.eclipse.aether.internal.impl.DefaultArtifactResolver.resolve(DefaultArtifactResolver.java:421) ~[na:na]
	... 8 common frames omitted
2021-05-22 11:19:28,064 [Worker-8] WARN  o.e.m.c.i.embedder.EclipseLogger - Using platform encoding (Cp1252 actually) to copy filtered resources, i.e. build is platform dependent!
2021-05-22 11:19:28,075 [Worker-8] INFO  o.e.m.c.i.embedder.EclipseLogger - Copying 0 resource
2021-05-22 11:19:28,078 [Worker-8] WARN  o.e.m.c.i.embedder.EclipseLogger - Using platform encoding (Cp1252 actually) to copy filtered resources, i.e. build is platform dependent!
2021-05-22 11:19:28,079 [Worker-8] INFO  o.e.m.c.i.embedder.EclipseLogger - Copying 0 resource
2021-05-22 11:25:57,485 [Worker-2] WARN  o.e.m.c.i.embedder.EclipseLogger - Using platform encoding (Cp1252 actually) to copy filtered resources, i.e. build is platform dependent!
2021-05-22 11:25:57,540 [Worker-2] INFO  o.e.m.c.i.embedder.EclipseLogger - Copying 0 resource
2021-05-22 11:25:57,543 [Worker-2] WARN  o.e.m.c.i.embedder.EclipseLogger - Using platform encoding (Cp1252 actually) to copy filtered resources, i.e. build is platform dependent!
2021-05-22 11:25:57,572 [Worker-2] INFO  o.e.m.c.i.embedder.EclipseLogger - Copying 0 resource
2021-05-22 11:28:03,508 [Worker-2] WARN  o.e.m.c.i.embedder.EclipseLogger - Using platform encoding (Cp1252 actually) to copy filtered resources, i.e. build is platform dependent!
2021-05-22 11:28:03,509 [Worker-2] INFO  o.e.m.c.i.embedder.EclipseLogger - Copying 0 resource
2021-05-22 11:28:03,514 [Worker-2] WARN  o.e.m.c.i.embedder.EclipseLogger - Using platform encoding (Cp1252 actually) to copy filtered resources, i.e. build is platform dependent!
2021-05-22 11:28:03,515 [Worker-2] INFO  o.e.m.c.i.embedder.EclipseLogger - Copying 0 resource
2021-05-22 11:30:48,049 [Worker-17] WARN  o.e.m.c.i.embedder.EclipseLogger - Using platform encoding (Cp1252 actually) to copy filtered resources, i.e. build is platform dependent!
2021-05-22 11:30:48,086 [Worker-17] INFO  o.e.m.c.i.embedder.EclipseLogger - Copying 0 resource
2021-05-22 11:30:48,087 [Worker-17] WARN  o.e.m.c.i.embedder.EclipseLogger - Using platform encoding (Cp1252 actually) to copy filtered resources, i.e. build is platform dependent!
2021-05-22 11:30:48,122 [Worker-17] INFO  o.e.m.c.i.embedder.EclipseLogger - Copying 0 resource
2021-05-22 11:39:24,146 [Worker-23] WARN  o.e.m.c.i.embedder.EclipseLogger - Using platform encoding (Cp1252 actually) to copy filtered resources, i.e. build is platform dependent!
2021-05-22 11:39:24,195 [Worker-23] INFO  o.e.m.c.i.embedder.EclipseLogger - Copying 0 resource
2021-05-22 11:39:24,200 [Worker-23] WARN  o.e.m.c.i.embedder.EclipseLogger - Using platform encoding (Cp1252 actually) to copy filtered resources, i.e. build is platform dependent!
2021-05-22 11:39:24,202 [Worker-23] INFO  o.e.m.c.i.embedder.EclipseLogger - Copying 0 resource
2021-05-22 11:40:47,736 [Worker-26] WARN  o.e.m.c.i.embedder.EclipseLogger - Using platform encoding (Cp1252 actually) to copy filtered resources, i.e. build is platform dependent!
2021-05-22 11:40:47,738 [Worker-26] INFO  o.e.m.c.i.embedder.EclipseLogger - Copying 0 resource
2021-05-22 11:40:47,741 [Worker-26] WARN  o.e.m.c.i.embedder.EclipseLogger - Using platform encoding (Cp1252 actually) to copy filtered resources, i.e. build is platform dependent!
2021-05-22 11:40:47,743 [Worker-26] INFO  o.e.m.c.i.embedder.EclipseLogger - Copying 0 resource
2021-05-22 11:56:10,140 [Worker-28] WARN  o.e.m.c.i.embedder.EclipseLogger - Using platform encoding (Cp1252 actually) to copy filtered resources, i.e. build is platform dependent!
2021-05-22 11:56:10,186 [Worker-28] INFO  o.e.m.c.i.embedder.EclipseLogger - Copying 0 resource
2021-05-22 11:56:10,187 [Worker-28] WARN  o.e.m.c.i.embedder.EclipseLogger - Using platform encoding (Cp1252 actually) to copy filtered resources, i.e. build is platform dependent!
2021-05-22 11:56:10,188 [Worker-28] INFO  o.e.m.c.i.embedder.EclipseLogger - Copying 0 resource
2021-05-22 12:27:01,916 [Worker-42] WARN  o.e.m.c.i.embedder.EclipseLogger - Using platform encoding (Cp1252 actually) to copy filtered resources, i.e. build is platform dependent!
2021-05-22 12:27:01,917 [Worker-42] INFO  o.e.m.c.i.embedder.EclipseLogger - Copying 0 resource
2021-05-22 12:27:01,919 [Worker-42] WARN  o.e.m.c.i.embedder.EclipseLogger - Using platform encoding (Cp1252 actually) to copy filtered resources, i.e. build is platform dependent!
2021-05-22 12:27:01,920 [Worker-42] INFO  o.e.m.c.i.embedder.EclipseLogger - Copying 0 resource
2021-05-22 12:36:51,265 [Worker-50] WARN  o.e.m.c.i.embedder.EclipseLogger - Using platform encoding (Cp1252 actually) to copy filtered resources, i.e. build is platform dependent!
2021-05-22 12:36:51,270 [Worker-50] INFO  o.e.m.c.i.embedder.EclipseLogger - Copying 0 resource
2021-05-22 12:36:51,272 [Worker-50] WARN  o.e.m.c.i.embedder.EclipseLogger - Using platform encoding (Cp1252 actually) to copy filtered resources, i.e. build is platform dependent!
2021-05-22 12:36:51,273 [Worker-50] INFO  o.e.m.c.i.embedder.EclipseLogger - Copying 0 resource
2021-05-22 12:37:48,710 [Worker-42] WARN  o.e.m.c.i.embedder.EclipseLogger - Using platform encoding (Cp1252 actually) to copy filtered resources, i.e. build is platform dependent!
2021-05-22 12:37:48,711 [Worker-42] INFO  o.e.m.c.i.embedder.EclipseLogger - Copying 0 resource
2021-05-22 12:37:48,714 [Worker-42] WARN  o.e.m.c.i.embedder.EclipseLogger - Using platform encoding (Cp1252 actually) to copy filtered resources, i.e. build is platform dependent!
2021-05-22 12:37:48,715 [Worker-42] INFO  o.e.m.c.i.embedder.EclipseLogger - Copying 0 resource
2021-05-22 12:47:39,822 [Worker-53] WARN  o.e.m.c.i.embedder.EclipseLogger - Using platform encoding (Cp1252 actually) to copy filtered resources, i.e. build is platform dependent!
2021-05-22 12:47:39,824 [Worker-53] INFO  o.e.m.c.i.embedder.EclipseLogger - Copying 0 resource
2021-05-22 12:47:39,827 [Worker-53] WARN  o.e.m.c.i.embedder.EclipseLogger - Using platform encoding (Cp1252 actually) to copy filtered resources, i.e. build is platform dependent!
2021-05-22 12:47:39,828 [Worker-53] INFO  o.e.m.c.i.embedder.EclipseLogger - Copying 0 resource
2021-05-22 13:05:27,757 [Worker-60] WARN  o.e.m.c.i.embedder.EclipseLogger - Using platform encoding (Cp1252 actually) to copy filtered resources, i.e. build is platform dependent!
2021-05-22 13:05:27,759 [Worker-60] INFO  o.e.m.c.i.embedder.EclipseLogger - Copying 0 resource
2021-05-22 13:05:27,763 [Worker-60] WARN  o.e.m.c.i.embedder.EclipseLogger - Using platform encoding (Cp1252 actually) to copy filtered resources, i.e. build is platform dependent!
2021-05-22 13:05:27,768 [Worker-60] INFO  o.e.m.c.i.embedder.EclipseLogger - Copying 0 resource
